<html>
<head>
<title>TestNG:  Default test</title>
<link href="../testng.css" rel="stylesheet" type="text/css" />
<link href="../my-testng.css" rel="stylesheet" type="text/css" />

<style type="text/css">
.log { display: none;} 
.stack-trace { display: none;} 
</style>
<script type="text/javascript">
<!--
function flip(e) {
  current = e.style.display;
  if (current == 'block') {
    e.style.display = 'none';
    return 0;
  }
  else {
    e.style.display = 'block';
    return 1;
  }
}

function toggleBox(szDivId, elem, msg1, msg2)
{
  var res = -1;  if (document.getElementById) {
    res = flip(document.getElementById(szDivId));
  }
  else if (document.all) {
    // this is the way old msie versions work
    res = flip(document.all[szDivId]);
  }
  if(elem) {
    if(res == 0) elem.innerHTML = msg1; else elem.innerHTML = msg2;
  }

}

function toggleAllBoxes() {
  if (document.getElementsByTagName) {
    d = document.getElementsByTagName('div');
    for (i = 0; i < d.length; i++) {
      if (d[i].className == 'log') {
        flip(d[i]);
      }
    }
  }
}

// -->
</script>

</head>
<body>
<h2 align='center'>Default test</h2><table border='1' align="center">
<tr>
<td>Tests passed/Failed/Skipped:</td><td>0/0/4</td>
</tr><tr>
<td>Started on:</td><td>Thu Jul 20 13:27:14 EDT 2017</td>
</tr>
<tr><td>Total time:</td><td>47 seconds (47511 ms)</td>
</tr><tr>
<td>Included groups:</td><td></td>
</tr><tr>
<td>Excluded groups:</td><td></td>
</tr>
</table><p/>
<small><i>(Hover the method name to see the test class name)</i></small><p/>
<table width='100%' border='1' class='invocation-failed'>
<tr><td colspan='4' align='center'><b>FAILED CONFIGURATIONS</b></td></tr>
<tr><td><b>Test method</b></td>
<td width="30%"><b>Exception</b></td>
<td width="10%"><b>Time (seconds)</b></td>
<td><b>Instance</b></td>
</tr>
<tr>
<td title='TestScript06.setUp()'><b>setUp</b><br>Test class: TestScript06</td>
<td><div><pre>org.openqa.selenium.WebDriverException: Failed to connect to binary FirefoxBinary(C:\Selenium\geckodriver.exe) on port 7055; process output follows: 
error: Found argument &apos;-s&apos; which wasn&apos;t expected, or isn&apos;t valid in this context

USAGE:
    geckodriver.exe [FLAGS] [OPTIONS]

For more information try --help
error: Found argument &apos;-f&apos; which wasn&apos;t expected, or isn&apos;t valid in this context

USAGE:
    geckodriver.exe [FLAGS] [OPTIONS]

For more information try --help

Build info: version: &apos;2.40.0&apos;, revision: &apos;fbe29a9&apos;, time: &apos;2014-02-19 20:55:11&apos;
System info: host: &apos;THR028&apos;, ip: &apos;192.168.100.245&apos;, os.name: &apos;Windows 10&apos;, os.arch: &apos;amd64&apos;, os.version: &apos;10.0&apos;, java.version: &apos;1.8.0_121&apos;
Driver info: driver.version: FirefoxDriver
	at org.openqa.selenium.firefox.internal.NewProfileExtensionConnection.start(NewProfileExtensionConnection.java:130)
	at org.openqa.selenium.firefox.FirefoxDriver.startClient(FirefoxDriver.java:247)
	at org.openqa.selenium.remote.RemoteWebDriver.&lt;init&gt;(RemoteWebDriver.java:112)
	at org.openqa.selenium.firefox.FirefoxDriver.&lt;init&gt;(FirefoxDriver.java:194)
	at org.openqa.selenium.firefox.FirefoxDriver.&lt;init&gt;(FirefoxDriver.java:187)
	at org.openqa.selenium.firefox.FirefoxDriver.&lt;init&gt;(FirefoxDriver.java:183)
	at TestScript06.setUp(TestScript06.java:71)
	at sun.reflect.NativeMethodAccessorImpl.invoke0(Native Method)
	at sun.reflect.NativeMethodAccessorImpl.invoke(Unknown Source)
	at sun.reflect.DelegatingMethodAccessorImpl.invoke(Unknown Source)
	at java.lang.reflect.Method.invoke(Unknown Source)
	at org.testng.internal.MethodInvocationHelper.invokeMethod(MethodInvocationHelper.java:84)
	at org.testng.internal.Invoker.invokeConfigurationMethod(Invoker.java:564)
	at org.testng.internal.Invoker.invokeConfigurations(Invoker.java:213)
	at org.testng.internal.Invoker.invokeMethod(Invoker.java:653)
	at org.testng.internal.Invoker.invokeTestMethod(Invoker.java:901)
	at org.testng.internal.Invoker.invokeTestMethods(Invoker.java:1231)
	at org.testng.internal.TestMethodWorker.invokeTestMethods(TestMethodWorker.java:127)
	at org.testng.internal.TestMethodWorker.run(TestMethodWorker.java:111)
	at org.testng.TestRunner.privateRun(TestRunner.java:767)
	at org.testng.TestRunner.run(TestRunner.java:617)
	at org.testng.SuiteRunner.runTest(SuiteRunner.java:334)
	at org.testng.SuiteRunner.runSequentially(SuiteRunner.java:329)
	at org.testng.SuiteRunner.privateRun(SuiteRunner.java:291)
	at org.testng.SuiteRunner.run(SuiteRunner.java:240)
	at org.testng.SuiteRunnerWorker.runSuite(SuiteRunnerWorker.java:52)
	at org.testng.SuiteRunnerWorker.run(SuiteRunnerWorker.java:86)
	at org.testng.TestNG.runSuitesSequentially(TestNG.java:1224)
	at org.testng.TestNG.runSuitesLocally(TestNG.java:1149)
	at org.testng.TestNG.run(TestNG.java:1057)
	at org.testng.remote.AbstractRemoteTestNG.run(AbstractRemoteTestNG.java:132)
	at org.testng.remote.RemoteTestNG.initAndRun(RemoteTestNG.java:230)
	at org.testng.remote.RemoteTestNG.main(RemoteTestNG.java:76)
Caused by: org.openqa.selenium.firefox.NotConnectedException: Unable to connect to host 127.0.0.1 on port 7055 after 45000 ms. Firefox console output:
error: Found argument &apos;-s&apos; which wasn&apos;t expected, or isn&apos;t valid in this context

USAGE:
    geckodriver.exe [FLAGS] [OPTIONS]

For more information try --help
error: Found argument &apos;-f&apos; which wasn&apos;t expected, or isn&apos;t valid in this context

USAGE:
    geckodriver.exe [FLAGS] [OPTIONS]

For more information try --help

	at org.openqa.selenium.firefox.internal.NewProfileExtensionConnection.start(NewProfileExtensionConnection.java:118)
	... 32 more
</pre></div><a href='#' onClick='toggleBox("stack-trace245765246", this, "Click to show all stack frames", "Click to hide stack frames")'>Click to show all stack frames</a>
<div class='stack-trace' id='stack-trace245765246'><pre>org.openqa.selenium.WebDriverException: Failed to connect to binary FirefoxBinary(C:\Selenium\geckodriver.exe) on port 7055; process output follows: 
error: Found argument &apos;-s&apos; which wasn&apos;t expected, or isn&apos;t valid in this context

USAGE:
    geckodriver.exe [FLAGS] [OPTIONS]

For more information try --help
error: Found argument &apos;-f&apos; which wasn&apos;t expected, or isn&apos;t valid in this context

USAGE:
    geckodriver.exe [FLAGS] [OPTIONS]

For more information try --help

Build info: version: &apos;2.40.0&apos;, revision: &apos;fbe29a9&apos;, time: &apos;2014-02-19 20:55:11&apos;
System info: host: &apos;THR028&apos;, ip: &apos;192.168.100.245&apos;, os.name: &apos;Windows 10&apos;, os.arch: &apos;amd64&apos;, os.version: &apos;10.0&apos;, java.version: &apos;1.8.0_121&apos;
Driver info: driver.version: FirefoxDriver
	at org.openqa.selenium.firefox.internal.NewProfileExtensionConnection.start(NewProfileExtensionConnection.java:130)
	at org.openqa.selenium.firefox.FirefoxDriver.startClient(FirefoxDriver.java:247)
	at org.openqa.selenium.remote.RemoteWebDriver.&lt;init&gt;(RemoteWebDriver.java:112)
	at org.openqa.selenium.firefox.FirefoxDriver.&lt;init&gt;(FirefoxDriver.java:194)
	at org.openqa.selenium.firefox.FirefoxDriver.&lt;init&gt;(FirefoxDriver.java:187)
	at org.openqa.selenium.firefox.FirefoxDriver.&lt;init&gt;(FirefoxDriver.java:183)
	at TestScript06.setUp(TestScript06.java:71)
	at sun.reflect.NativeMethodAccessorImpl.invoke0(Native Method)
	at sun.reflect.NativeMethodAccessorImpl.invoke(Unknown Source)
	at sun.reflect.DelegatingMethodAccessorImpl.invoke(Unknown Source)
	at java.lang.reflect.Method.invoke(Unknown Source)
	at org.testng.internal.MethodInvocationHelper.invokeMethod(MethodInvocationHelper.java:84)
	at org.testng.internal.Invoker.invokeConfigurationMethod(Invoker.java:564)
	at org.testng.internal.Invoker.invokeConfigurations(Invoker.java:213)
	at org.testng.internal.Invoker.invokeMethod(Invoker.java:653)
	at org.testng.internal.Invoker.invokeTestMethod(Invoker.java:901)
	at org.testng.internal.Invoker.invokeTestMethods(Invoker.java:1231)
	at org.testng.internal.TestMethodWorker.invokeTestMethods(TestMethodWorker.java:127)
	at org.testng.internal.TestMethodWorker.run(TestMethodWorker.java:111)
	at org.testng.TestRunner.privateRun(TestRunner.java:767)
	at org.testng.TestRunner.run(TestRunner.java:617)
	at org.testng.SuiteRunner.runTest(SuiteRunner.java:334)
	at org.testng.SuiteRunner.runSequentially(SuiteRunner.java:329)
	at org.testng.SuiteRunner.privateRun(SuiteRunner.java:291)
	at org.testng.SuiteRunner.run(SuiteRunner.java:240)
	at org.testng.SuiteRunnerWorker.runSuite(SuiteRunnerWorker.java:52)
	at org.testng.SuiteRunnerWorker.run(SuiteRunnerWorker.java:86)
	at org.testng.TestNG.runSuitesSequentially(TestNG.java:1224)
	at org.testng.TestNG.runSuitesLocally(TestNG.java:1149)
	at org.testng.TestNG.run(TestNG.java:1057)
	at org.testng.remote.AbstractRemoteTestNG.run(AbstractRemoteTestNG.java:132)
	at org.testng.remote.RemoteTestNG.initAndRun(RemoteTestNG.java:230)
	at org.testng.remote.RemoteTestNG.main(RemoteTestNG.java:76)
Caused by: org.openqa.selenium.firefox.NotConnectedException: Unable to connect to host 127.0.0.1 on port 7055 after 45000 ms. Firefox console output:
error: Found argument &apos;-s&apos; which wasn&apos;t expected, or isn&apos;t valid in this context

USAGE:
    geckodriver.exe [FLAGS] [OPTIONS]

For more information try --help
error: Found argument &apos;-f&apos; which wasn&apos;t expected, or isn&apos;t valid in this context

USAGE:
    geckodriver.exe [FLAGS] [OPTIONS]

For more information try --help

	at org.openqa.selenium.firefox.internal.NewProfileExtensionConnection.start(NewProfileExtensionConnection.java:118)
	... 32 more
</pre></div></td>
<td>0</td>
<td>TestScript06@59fa1d9b</td></tr>
</table><p>
<table width='100%' border='1' class='invocation-skipped'>
<tr><td colspan='4' align='center'><b>SKIPPED CONFIGURATIONS</b></td></tr>
<tr><td><b>Test method</b></td>
<td width="30%"><b>Exception</b></td>
<td width="10%"><b>Time (seconds)</b></td>
<td><b>Instance</b></td>
</tr>
<tr>
<td title='TestScript06.setUp()'><b>setUp</b><br>Test class: TestScript06</td>
<td></td>
<td>0</td>
<td>TestScript06@59fa1d9b</td></tr>
<tr>
<td title='TestScript06.setUp()'><b>setUp</b><br>Test class: TestScript06</td>
<td></td>
<td>0</td>
<td>TestScript06@59fa1d9b</td></tr>
<tr>
<td title='TestScript06.setUp()'><b>setUp</b><br>Test class: TestScript06</td>
<td></td>
<td>0</td>
<td>TestScript06@59fa1d9b</td></tr>
<tr>
<td title='TestScript06.tearDown()'><b>tearDown</b><br>Test class: TestScript06</td>
<td></td>
<td>0</td>
<td>TestScript06@59fa1d9b</td></tr>
<tr>
<td title='TestScript06.tearDown()'><b>tearDown</b><br>Test class: TestScript06</td>
<td></td>
<td>0</td>
<td>TestScript06@59fa1d9b</td></tr>
<tr>
<td title='TestScript06.tearDown()'><b>tearDown</b><br>Test class: TestScript06</td>
<td></td>
<td>0</td>
<td>TestScript06@59fa1d9b</td></tr>
<tr>
<td title='TestScript06.tearDown()'><b>tearDown</b><br>Test class: TestScript06</td>
<td></td>
<td>0</td>
<td>TestScript06@59fa1d9b</td></tr>
</table><p>
<table width='100%' border='1' class='invocation-skipped'>
<tr><td colspan='4' align='center'><b>SKIPPED TESTS</b></td></tr>
<tr><td><b>Test method</b></td>
<td width="30%"><b>Exception</b></td>
<td width="10%"><b>Time (seconds)</b></td>
<td><b>Instance</b></td>
</tr>
<tr>
<td title='TestScript06.testCase05()'><b>testCase05</b><br>Test class: TestScript06<br>Parameters: mngr1336, dAnavUq</td>
<td></td>
<td>0</td>
<td>TestScript06@59fa1d9b</td></tr>
<tr>
<td title='TestScript06.testCase05()'><b>testCase05</b><br>Test class: TestScript06<br>Parameters: invalid, valid</td>
<td></td>
<td>0</td>
<td>TestScript06@59fa1d9b</td></tr>
<tr>
<td title='TestScript06.testCase05()'><b>testCase05</b><br>Test class: TestScript06<br>Parameters: valid, invalid</td>
<td></td>
<td>0</td>
<td>TestScript06@59fa1d9b</td></tr>
<tr>
<td title='TestScript06.testCase05()'><b>testCase05</b><br>Test class: TestScript06<br>Parameters: invalid, invalid</td>
<td></td>
<td>0</td>
<td>TestScript06@59fa1d9b</td></tr>
</table><p>
</body>
</html>