<?xml version="1.0" encoding="UTF-8"?>
<testng-results skipped="4" failed="0" total="4" passed="0">
  <reporter-output>
  </reporter-output>
  <suite name="Default suite" duration-ms="47511" started-at="2017-07-20T17:27:14Z" finished-at="2017-07-20T17:28:02Z">
    <groups>
    </groups>
    <test name="Default test" duration-ms="47511" started-at="2017-07-20T17:27:14Z" finished-at="2017-07-20T17:28:02Z">
      <class name="TestScript06">
        <test-method status="FAIL" signature="setUp()[pri:0, instance:TestScript06@59fa1d9b]" name="setUp" is-config="true" duration-ms="0" started-at="2017-07-20T13:27:14Z" finished-at="2017-07-20T13:27:14Z">
          <exception class="org.openqa.selenium.WebDriverException">
            <message>
              <![CDATA[Failed to connect to binary FirefoxBinary(C:\Selenium\geckodriver.exe) on port 7055; process output follows: 
error: Found argument '-s' which wasn't expected, or isn't valid in this context

USAGE:
    geckodriver.exe [FLAGS] [OPTIONS]

For more information try --help
error: Found argument '-f' which wasn't expected, or isn't valid in this context

USAGE:
    geckodriver.exe [FLAGS] [OPTIONS]

For more information try --help

Build info: version: '2.40.0', revision: 'fbe29a9', time: '2014-02-19 20:55:11'
System info: host: 'THR028', ip: '192.168.100.245', os.name: 'Windows 10', os.arch: 'amd64', os.version: '10.0', java.version: '1.8.0_121'
Driver info: driver.version: FirefoxDriver]]>
            </message>
            <full-stacktrace>
              <![CDATA[org.openqa.selenium.WebDriverException: Failed to connect to binary FirefoxBinary(C:\Selenium\geckodriver.exe) on port 7055; process output follows: 
error: Found argument '-s' which wasn't expected, or isn't valid in this context

USAGE:
    geckodriver.exe [FLAGS] [OPTIONS]

For more information try --help
error: Found argument '-f' which wasn't expected, or isn't valid in this context

USAGE:
    geckodriver.exe [FLAGS] [OPTIONS]

For more information try --help

Build info: version: '2.40.0', revision: 'fbe29a9', time: '2014-02-19 20:55:11'
System info: host: 'THR028', ip: '192.168.100.245', os.name: 'Windows 10', os.arch: 'amd64', os.version: '10.0', java.version: '1.8.0_121'
Driver info: driver.version: FirefoxDriver
	at org.openqa.selenium.firefox.internal.NewProfileExtensionConnection.start(NewProfileExtensionConnection.java:130)
	at org.openqa.selenium.firefox.FirefoxDriver.startClient(FirefoxDriver.java:247)
	at org.openqa.selenium.remote.RemoteWebDriver.<init>(RemoteWebDriver.java:112)
	at org.openqa.selenium.firefox.FirefoxDriver.<init>(FirefoxDriver.java:194)
	at org.openqa.selenium.firefox.FirefoxDriver.<init>(FirefoxDriver.java:187)
	at org.openqa.selenium.firefox.FirefoxDriver.<init>(FirefoxDriver.java:183)
	at TestScript06.setUp(TestScript06.java:71)
	at sun.reflect.NativeMethodAccessorImpl.invoke0(Native Method)
	at sun.reflect.NativeMethodAccessorImpl.invoke(Unknown Source)
	at sun.reflect.DelegatingMethodAccessorImpl.invoke(Unknown Source)
	at java.lang.reflect.Method.invoke(Unknown Source)
	at org.testng.internal.MethodInvocationHelper.invokeMethod(MethodInvocationHelper.java:84)
	at org.testng.internal.Invoker.invokeConfigurationMethod(Invoker.java:564)
	at org.testng.internal.Invoker.invokeConfigurations(Invoker.java:213)
	at org.testng.internal.Invoker.invokeMethod(Invoker.java:653)
	at org.testng.internal.Invoker.invokeTestMethod(Invoker.java:901)
	at org.testng.internal.Invoker.invokeTestMethods(Invoker.java:1231)
	at org.testng.internal.TestMethodWorker.invokeTestMethods(TestMethodWorker.java:127)
	at org.testng.internal.TestMethodWorker.run(TestMethodWorker.java:111)
	at org.testng.TestRunner.privateRun(TestRunner.java:767)
	at org.testng.TestRunner.run(TestRunner.java:617)
	at org.testng.SuiteRunner.runTest(SuiteRunner.java:334)
	at org.testng.SuiteRunner.runSequentially(SuiteRunner.java:329)
	at org.testng.SuiteRunner.privateRun(SuiteRunner.java:291)
	at org.testng.SuiteRunner.run(SuiteRunner.java:240)
	at org.testng.SuiteRunnerWorker.runSuite(SuiteRunnerWorker.java:52)
	at org.testng.SuiteRunnerWorker.run(SuiteRunnerWorker.java:86)
	at org.testng.TestNG.runSuitesSequentially(TestNG.java:1224)
	at org.testng.TestNG.runSuitesLocally(TestNG.java:1149)
	at org.testng.TestNG.run(TestNG.java:1057)
	at org.testng.remote.AbstractRemoteTestNG.run(AbstractRemoteTestNG.java:132)
	at org.testng.remote.RemoteTestNG.initAndRun(RemoteTestNG.java:230)
	at org.testng.remote.RemoteTestNG.main(RemoteTestNG.java:76)
Caused by: org.openqa.selenium.firefox.NotConnectedException: Unable to connect to host 127.0.0.1 on port 7055 after 45000 ms. Firefox console output:
error: Found argument '-s' which wasn't expected, or isn't valid in this context

USAGE:
    geckodriver.exe [FLAGS] [OPTIONS]

For more information try --help
error: Found argument '-f' which wasn't expected, or isn't valid in this context

USAGE:
    geckodriver.exe [FLAGS] [OPTIONS]

For more information try --help

	at org.openqa.selenium.firefox.internal.NewProfileExtensionConnection.start(NewProfileExtensionConnection.java:118)
	... 32 more
]]>
            </full-stacktrace>
          </exception> <!-- org.openqa.selenium.WebDriverException -->
          <reporter-output>
          </reporter-output>
        </test-method> <!-- setUp -->
        <test-method status="SKIP" signature="tearDown()[pri:0, instance:TestScript06@59fa1d9b]" name="tearDown" is-config="true" duration-ms="0" started-at="2017-07-20T13:28:02Z" finished-at="2017-07-20T13:28:02Z">
          <reporter-output>
          </reporter-output>
        </test-method> <!-- tearDown -->
        <test-method status="SKIP" signature="testCase05(java.lang.String, java.lang.String)[pri:0, instance:TestScript06@59fa1d9b]" name="testCase05" duration-ms="0" started-at="2017-07-20T13:28:02Z" data-provider="GuruTest" finished-at="2017-07-20T13:28:02Z">
          <params>
            <param index="0">
              <value>
                <![CDATA[invalid]]>
              </value>
            </param>
            <param index="1">
              <value>
                <![CDATA[valid]]>
              </value>
            </param>
          </params>
          <reporter-output>
          </reporter-output>
        </test-method> <!-- testCase05 -->
        <test-method status="SKIP" signature="testCase05(java.lang.String, java.lang.String)[pri:0, instance:TestScript06@59fa1d9b]" name="testCase05" duration-ms="0" started-at="2017-07-20T13:28:02Z" data-provider="GuruTest" finished-at="2017-07-20T13:28:02Z">
          <params>
            <param index="0">
              <value>
                <![CDATA[valid]]>
              </value>
            </param>
            <param index="1">
              <value>
                <![CDATA[invalid]]>
              </value>
            </param>
          </params>
          <reporter-output>
          </reporter-output>
        </test-method> <!-- testCase05 -->
        <test-method status="SKIP" signature="tearDown()[pri:0, instance:TestScript06@59fa1d9b]" name="tearDown" is-config="true" duration-ms="0" started-at="2017-07-20T13:28:02Z" finished-at="2017-07-20T13:28:02Z">
          <reporter-output>
          </reporter-output>
        </test-method> <!-- tearDown -->
        <test-method status="SKIP" signature="setUp()[pri:0, instance:TestScript06@59fa1d9b]" name="setUp" is-config="true" duration-ms="0" started-at="2017-07-20T13:28:02Z" finished-at="2017-07-20T13:28:02Z">
          <reporter-output>
          </reporter-output>
        </test-method> <!-- setUp -->
        <test-method status="SKIP" signature="setUp()[pri:0, instance:TestScript06@59fa1d9b]" name="setUp" is-config="true" duration-ms="0" started-at="2017-07-20T13:28:02Z" finished-at="2017-07-20T13:28:02Z">
          <reporter-output>
          </reporter-output>
        </test-method> <!-- setUp -->
        <test-method status="SKIP" signature="testCase05(java.lang.String, java.lang.String)[pri:0, instance:TestScript06@59fa1d9b]" name="testCase05" duration-ms="0" started-at="2017-07-20T13:28:02Z" data-provider="GuruTest" finished-at="2017-07-20T13:28:02Z">
          <params>
            <param index="0">
              <value>
                <![CDATA[mngr1336]]>
              </value>
            </param>
            <param index="1">
              <value>
                <![CDATA[dAnavUq]]>
              </value>
            </param>
          </params>
          <reporter-output>
          </reporter-output>
        </test-method> <!-- testCase05 -->
        <test-method status="SKIP" signature="tearDown()[pri:0, instance:TestScript06@59fa1d9b]" name="tearDown" is-config="true" duration-ms="0" started-at="2017-07-20T13:28:02Z" finished-at="2017-07-20T13:28:02Z">
          <reporter-output>
          </reporter-output>
        </test-method> <!-- tearDown -->
        <test-method status="SKIP" signature="testCase05(java.lang.String, java.lang.String)[pri:0, instance:TestScript06@59fa1d9b]" name="testCase05" duration-ms="0" started-at="2017-07-20T13:28:02Z" data-provider="GuruTest" finished-at="2017-07-20T13:28:02Z">
          <params>
            <param index="0">
              <value>
                <![CDATA[invalid]]>
              </value>
            </param>
            <param index="1">
              <value>
                <![CDATA[invalid]]>
              </value>
            </param>
          </params>
          <reporter-output>
          </reporter-output>
        </test-method> <!-- testCase05 -->
        <test-method status="SKIP" signature="setUp()[pri:0, instance:TestScript06@59fa1d9b]" name="setUp" is-config="true" duration-ms="0" started-at="2017-07-20T13:28:02Z" finished-at="2017-07-20T13:28:02Z">
          <reporter-output>
          </reporter-output>
        </test-method> <!-- setUp -->
        <test-method status="SKIP" signature="tearDown()[pri:0, instance:TestScript06@59fa1d9b]" name="tearDown" is-config="true" duration-ms="0" started-at="2017-07-20T13:28:02Z" finished-at="2017-07-20T13:28:02Z">
          <reporter-output>
          </reporter-output>
        </test-method> <!-- tearDown -->
      </class> <!-- TestScript06 -->
    </test> <!-- Default test -->
  </suite> <!-- Default suite -->
</testng-results>
